2026-05-19 12:06:26 === Run started ===
2026-05-19 12:06:27 [SSR TITLE CHANGED] https://limon-credit.com.ua/uk
2026-05-19 12:06:27 OLD: 
2026-05-19 12:06:27 NEW: <title>Limon-Credit</title>
2026-05-19 12:06:28 [SSR TITLE CHANGED] https://limon-credit.com.ua/ru
2026-05-19 12:06:28 OLD: 
2026-05-19 12:06:28 NEW: <title>Онлайн микрокредиты на карту в Украине: 24/7 без справок | Limon Credit</title>
2026-05-19 12:06:29 [SSR TITLE CHANGED] https://moneyveo.ua/uk
2026-05-19 12:06:29 OLD: 
2026-05-19 12:06:29 NEW: <title>Кредит онлайн на картку в Україні ✔️ Гроші на карту 💸 МФО ➧ Moneyveo</title>
2026-05-19 12:06:29 [SSR TITLE CHANGED] https://moneyveo.ua/ru
2026-05-19 12:06:29 OLD: 
2026-05-19 12:06:29 NEW: <title>Кредит онлайн на карту в Украине ✔️ Деньги на карту 💸 МФО ➧ Moneyveo</title>
2026-05-19 12:06:30 [SSR TITLE CHANGED] https://freestyle-credit.com.ua/uk
2026-05-19 12:06:30 OLD: 
2026-05-19 12:06:30 NEW: <title>Швидка позика онлайн в Україні - Freestyle Credit</title>
2026-05-19 12:06:31 [SSR TITLE CHANGED] https://freestyle-credit.com.ua/ru
2026-05-19 12:06:31 OLD: 
2026-05-19 12:06:31 NEW: <title>Быстрый займ онлайн в Украине – взять микрозайм в Freestyle Credit</title>
2026-05-19 14:09:45 === I hope you know I pack a chainsaw ===
2026-05-19 14:09:46 [OK] https://limon-credit.com.ua/uk | <title>Limon-Credit</title>
2026-05-19 14:09:47 [OK] https://limon-credit.com.ua/ru | <title>Онлайн микрокредиты на карту в Украине: 24/7 без справок | Limon Credit</title>
2026-05-19 14:09:48 [OK] https://moneyveo.ua/uk | <title>Кредит онлайн на картку в Україні ✔️ Гроші на карту 💸 МФО ➧ Moneyveo</title>
2026-05-19 14:09:48 [OK] https://moneyveo.ua/ru | <title>Кредит онлайн на карту в Украине ✔️ Деньги на карту 💸 МФО ➧ Moneyveo</title>
2026-05-19 14:09:49 [OK] https://freestyle-credit.com.ua/uk | <title>Швидка позика онлайн в Україні - Freestyle Credit</title>
2026-05-19 14:09:50 [OK] https://freestyle-credit.com.ua/ru | <title>Быстрый займ онлайн в Украине – взять микрозайм в Freestyle Credit</title>
